\BOOKMARK [1][-]{section.0.1}{Inleiding}{}% 1
\BOOKMARK [1][-]{section.0.2}{Klantenvereisten}{}% 2
\BOOKMARK [1][-]{section.0.3}{Ontwerpspecificaties}{}% 3
\BOOKMARK [1][-]{section.0.4}{Teamverantwoordelijkheden}{}% 4
\BOOKMARK [1][-]{section.0.5}{Ontwerp}{}% 5
\BOOKMARK [2][-]{subsection.0.5.1}{Onderdelen}{section.0.5}% 6
\BOOKMARK [2][-]{subsection.0.5.2}{Assemblage}{section.0.5}% 7
\BOOKMARK [1][-]{section.0.6}{Software}{}% 8
\BOOKMARK [2][-]{subsection.0.6.1}{flowchart moet nog aangevuld worden}{section.0.6}% 9
\BOOKMARK [2][-]{subsection.0.6.2}{Lijnvolgalgoritme}{section.0.6}% 10
\BOOKMARK [2][-]{subsection.0.6.3}{Licht herkennen}{section.0.6}% 11
\BOOKMARK [2][-]{subsection.0.6.4}{Andere wagen herkennen en versnellen/vertragen}{section.0.6}% 12
\BOOKMARK [2][-]{subsection.0.6.5}{Draaien op kruispunt}{section.0.6}% 13
\BOOKMARK [2][-]{subsection.0.6.6}{Handmatige Besturing}{section.0.6}% 14
\BOOKMARK [2][-]{subsection.0.6.7}{Implementatie traject}{section.0.6}% 15
\BOOKMARK [2][-]{subsection.0.6.8}{Concrete implementatie}{section.0.6}% 16
\BOOKMARK [2][-]{subsection.0.6.9}{Implementatie traject}{section.0.6}% 17
\BOOKMARK [0][-]{chapter.1}{Bijlagen}{}% 18
\BOOKMARK [1][-]{section.1.1}{Planning}{chapter.1}% 19
\BOOKMARK [1][-]{section.1.2}{Overzicht ontwerpspecificaties}{chapter.1}% 20
\BOOKMARK [1][-]{section.1.3}{Teamverantwoordelijkheden}{chapter.1}% 21
\BOOKMARK [1][-]{section.1.4}{Takenstructuur}{chapter.1}% 22
\BOOKMARK [1][-]{section.1.5}{Gantt-grafiek \046 Teamkalender}{chapter.1}% 23
\BOOKMARK [1][-]{section.1.6}{Visualisatie ontwerp}{chapter.1}% 24
\BOOKMARK [1][-]{section.1.7}{Elektrisch circuit}{chapter.1}% 25
\BOOKMARK [1][-]{section.1.8}{Flowcharts}{chapter.1}% 26
\BOOKMARK [1][-]{section.1.9}{Financieel Rapport}{chapter.1}% 27
