\BOOKMARK [1][-]{section.0.1}{Inleiding}{}% 1
\BOOKMARK [1][-]{section.0.2}{Klantenvereisten}{}% 2
\BOOKMARK [1][-]{section.0.3}{Ontwerpspecificaties}{}% 3
\BOOKMARK [1][-]{section.0.4}{Teamverantwoordelijkheden}{}% 4
\BOOKMARK [1][-]{section.0.5}{Ontwerp}{}% 5
\BOOKMARK [2][-]{subsection.0.5.1}{Onderdelen}{section.0.5}% 6
\BOOKMARK [2][-]{subsection.0.5.2}{Assemblage}{section.0.5}% 7
\BOOKMARK [1][-]{section.0.6}{Software}{}% 8
\BOOKMARK [2][-]{subsection.0.6.1}{flowchart moet nog aangevuld worden}{section.0.6}% 9
\BOOKMARK [2][-]{subsection.0.6.2}{Lijnvolgalgoritme}{section.0.6}% 10
\BOOKMARK [2][-]{subsection.0.6.3}{Licht herkennen}{section.0.6}% 11
\BOOKMARK [2][-]{subsection.0.6.4}{Andere wagen herkennen en versnellen/vertragen}{section.0.6}% 12
\BOOKMARK [2][-]{subsection.0.6.5}{Draaien op kruispunt}{section.0.6}% 13
\BOOKMARK [2][-]{subsection.0.6.6}{Handmatige Besturing}{section.0.6}% 14
\BOOKMARK [2][-]{subsection.0.6.7}{Implementatie traject}{section.0.6}% 15
\BOOKMARK [2][-]{subsection.0.6.8}{Concrete implementatie}{section.0.6}% 16
\BOOKMARK [2][-]{subsection.0.6.9}{Implementatie traject}{section.0.6}% 17
\BOOKMARK [1][-]{section.0.7}{Resultaten}{}% 18
\BOOKMARK [2][-]{subsection.0.7.1}{Financieel raport}{section.0.7}% 19
\BOOKMARK [2][-]{subsection.0.7.2}{Ontwerp}{section.0.7}% 20
\BOOKMARK [2][-]{subsection.0.7.3}{Software}{section.0.7}% 21
\BOOKMARK [1][-]{section.0.8}{Bijlagen}{}% 22
\BOOKMARK [2][-]{subsection.0.8.1}{Takenstructuur}{section.0.8}% 23
\BOOKMARK [1][-]{section.0.9}{Gantt-grafiek \046 Teamkalender}{}% 24
\BOOKMARK [2][-]{subsection.0.9.1}{Visualisatie ontwerp}{section.0.9}% 25
\BOOKMARK [2][-]{subsection.0.9.2}{Elektrisch circuit}{section.0.9}% 26
\BOOKMARK [2][-]{subsection.0.9.3}{Flowcharts}{section.0.9}% 27
\BOOKMARK [2][-]{subsection.0.9.4}{Financieel Rapport}{section.0.9}% 28
