This is pdfTeX, Version 3.14159265-2.6-1.40.21 (TeX Live 2020/W32TeX) (preloaded format=pdflatex 2020.10.8)  12 MAY 2021 09:00
entering extended mode
 restricted \write18 enabled.
 %&-line parsing enabled.
**Eindverslag(DerdeVersie).tex
(./Eindverslag(DerdeVersie).tex
LaTeX2e <2020-10-01>
L3 programming layer <2020-10-05> xparse <2020-03-03>
(c:/texlive/texmf-local/tex/latex/kulak/kulakreport.cls
Document Class: kulakreport 2016/10/17 Report class for KU Leuven
(c:/texlive/2020/texmf-dist/tex/latex/base/report.cls
Document Class: report 2020/04/10 v1.4m Standard LaTeX document class
(c:/texlive/2020/texmf-dist/tex/latex/base/size10.clo
File: size10.clo 2020/04/10 v1.4m Standard LaTeX file (size option)
)
\c@part=\count175
\c@chapter=\count176
\c@section=\count177
\c@subsection=\count178
\c@subsubsection=\count179
\c@paragraph=\count180
\c@subparagraph=\count181
\c@figure=\count182
\c@table=\count183
\abovecaptionskip=\skip47
\belowcaptionskip=\skip48
\bibindent=\dimen138
)
(c:/texlive/2020/texmf-dist/tex/latex/hyperref/hyperref.sty
Package: hyperref 2020-05-15 v7.00e Hypertext links for LaTeX

(c:/texlive/2020/texmf-dist/tex/generic/ltxcmds/ltxcmds.sty
Package: ltxcmds 2020-05-10 v1.25 LaTeX kernel commands for general use (HO)
)
(c:/texlive/2020/texmf-dist/tex/generic/iftex/iftex.sty
Package: iftex 2020/03/06 v1.0d TeX engine tests
)
(c:/texlive/2020/texmf-dist/tex/generic/pdftexcmds/pdftexcmds.sty
Package: pdftexcmds 2020-06-27 v0.33 Utility functions of pdfTeX for LuaTeX (HO
)

(c:/texlive/2020/texmf-dist/tex/generic/infwarerr/infwarerr.sty
Package: infwarerr 2019/12/03 v1.5 Providing info/warning/error messages (HO)
)
Package pdftexcmds Info: \pdf@primitive is available.
Package pdftexcmds Info: \pdf@ifprimitive is available.
Package pdftexcmds Info: \pdfdraftmode found.
)
(c:/texlive/2020/texmf-dist/tex/latex/graphics/keyval.sty
Package: keyval 2014/10/28 v1.15 key=value parser (DPC)
\KV@toks@=\toks15
)
(c:/texlive/2020/texmf-dist/tex/generic/kvsetkeys/kvsetkeys.sty
Package: kvsetkeys 2019/12/15 v1.18 Key value parser (HO)
)
(c:/texlive/2020/texmf-dist/tex/generic/kvdefinekeys/kvdefinekeys.sty
Package: kvdefinekeys 2019-12-19 v1.6 Define keys (HO)
)
(c:/texlive/2020/texmf-dist/tex/generic/pdfescape/pdfescape.sty
Package: pdfescape 2019/12/09 v1.15 Implements pdfTeX's escape features (HO)
)
(c:/texlive/2020/texmf-dist/tex/latex/hycolor/hycolor.sty
Package: hycolor 2020-01-27 v1.10 Color options for hyperref/bookmark (HO)
)
(c:/texlive/2020/texmf-dist/tex/latex/letltxmacro/letltxmacro.sty
Package: letltxmacro 2019/12/03 v1.6 Let assignment for LaTeX macros (HO)
)
(c:/texlive/2020/texmf-dist/tex/latex/auxhook/auxhook.sty
Package: auxhook 2019-12-17 v1.6 Hooks for auxiliary files (HO)
)
(c:/texlive/2020/texmf-dist/tex/latex/kvoptions/kvoptions.sty
Package: kvoptions 2019/11/29 v3.13 Key value format for package options (HO)
)
\@linkdim=\dimen139
\Hy@linkcounter=\count184
\Hy@pagecounter=\count185

(c:/texlive/2020/texmf-dist/tex/latex/hyperref/pd1enc.def
File: pd1enc.def 2020-05-15 v7.00e Hyperref: PDFDocEncoding definition (HO)
Now handling font encoding PD1 ...
... no UTF-8 mapping file for font encoding PD1
)
(c:/texlive/2020/texmf-dist/tex/generic/intcalc/intcalc.sty
Package: intcalc 2019/12/15 v1.3 Expandable calculations with integers (HO)
)
(c:/texlive/2020/texmf-dist/tex/generic/etexcmds/etexcmds.sty
Package: etexcmds 2019/12/15 v1.7 Avoid name clashes with e-TeX commands (HO)
)
\Hy@SavedSpaceFactor=\count186
Package hyperref Info: Hyper figures OFF on input line 4464.
Package hyperref Info: Link nesting OFF on input line 4469.
Package hyperref Info: Hyper index ON on input line 4472.
Package hyperref Info: Plain pages OFF on input line 4479.
Package hyperref Info: Backreferencing OFF on input line 4484.
Package hyperref Info: Implicit mode ON; LaTeX internals redefined.
Package hyperref Info: Bookmarks ON on input line 4717.
\c@Hy@tempcnt=\count187

(c:/texlive/2020/texmf-dist/tex/latex/url/url.sty
\Urlmuskip=\muskip16
Package: url 2013/09/16  ver 3.4  Verb mode for urls, etc.
)
LaTeX Info: Redefining \url on input line 5076.
\XeTeXLinkMargin=\dimen140

(c:/texlive/2020/texmf-dist/tex/generic/bitset/bitset.sty
Package: bitset 2019/12/09 v1.3 Handle bit-vector datatype (HO)

(c:/texlive/2020/texmf-dist/tex/generic/bigintcalc/bigintcalc.sty
Package: bigintcalc 2019/12/15 v1.5 Expandable calculations on big integers (HO
)
))
\Fld@menulength=\count188
\Field@Width=\dimen141
\Fld@charsize=\dimen142
Package hyperref Info: Hyper figures OFF on input line 6347.
Package hyperref Info: Link nesting OFF on input line 6352.
Package hyperref Info: Hyper index ON on input line 6355.
Package hyperref Info: backreferencing OFF on input line 6362.
Package hyperref Info: Link coloring OFF on input line 6367.
Package hyperref Info: Link coloring with OCG OFF on input line 6372.
Package hyperref Info: PDF/A mode OFF on input line 6377.
LaTeX Info: Redefining \ref on input line 6417.
LaTeX Info: Redefining \pageref on input line 6421.

(c:/texlive/2020/texmf-dist/tex/latex/base/atbegshi-ltx.sty
Package: atbegshi-ltx 2020/08/17 v1.0a Emulation of the original atbegshi packa
ge
with kernel methods
)
\Hy@abspage=\count189
\c@Item=\count190
\c@Hfootnote=\count191
)
Package hyperref Info: Driver (autodetected): hpdftex.

(c:/texlive/2020/texmf-dist/tex/latex/hyperref/hpdftex.def
File: hpdftex.def 2020-05-15 v7.00e Hyperref driver for pdfTeX

(c:/texlive/2020/texmf-dist/tex/latex/base/atveryend-ltx.sty
Package: atveryend-ltx 2020/08/19 v1.0a Emulation of the original atvery packag
e
with kernel methods
)
\Fld@listcount=\count192
\c@bookmark@seq@number=\count193

(c:/texlive/2020/texmf-dist/tex/latex/rerunfilecheck/rerunfilecheck.sty
Package: rerunfilecheck 2019/12/05 v1.9 Rerun checks for auxiliary files (HO)

(c:/texlive/2020/texmf-dist/tex/generic/uniquecounter/uniquecounter.sty
Package: uniquecounter 2019/12/15 v1.4 Provide unlimited unique counter (HO)
)
Package uniquecounter Info: New unique counter `rerunfilecheck' on input line 2
86.
)
\Hy@SectionHShift=\skip49
)
(c:/texlive/2020/texmf-dist/tex/latex/titling/titling.sty
Package: titling 2009/09/04 v2.1d maketitle typesetting
\thanksmarkwidth=\skip50
\thanksmargin=\skip51
\droptitle=\skip52
)
(c:/texlive/2020/texmf-dist/tex/latex/tools/multicol.sty
Package: multicol 2019/12/09 v1.8y multicolumn formatting (FMi)
\c@tracingmulticols=\count194
\mult@box=\box47
\multicol@leftmargin=\dimen143
\c@unbalance=\count195
\c@collectmore=\count196
\doublecol@number=\count197
\multicoltolerance=\count198
\multicolpretolerance=\count199
\full@width=\dimen144
\page@free=\dimen145
\premulticols=\dimen146
\postmulticols=\dimen147
\multicolsep=\skip53
\multicolbaselineskip=\skip54
\partial@page=\box48
\last@line=\box49
\maxbalancingoverflow=\dimen148
\mult@rightbox=\box50
\mult@grightbox=\box51
\mult@gfirstbox=\box52
\mult@firstbox=\box53
\@tempa=\box54
\@tempa=\box55
\@tempa=\box56
\@tempa=\box57
\@tempa=\box58
\@tempa=\box59
\@tempa=\box60
\@tempa=\box61
\@tempa=\box62
\@tempa=\box63
\@tempa=\box64
\@tempa=\box65
\@tempa=\box66
\@tempa=\box67
\@tempa=\box68
\@tempa=\box69
\@tempa=\box70
\@tempa=\box71
\@tempa=\box72
\@tempa=\box73
\@tempa=\box74
\@tempa=\box75
\@tempa=\box76
\@tempa=\box77
\@tempa=\box78
\@tempa=\box79
\@tempa=\box80
\@tempa=\box81
\@tempa=\box82
\@tempa=\box83
\@tempa=\box84
\@tempa=\box85
\@tempa=\box86
\@tempa=\box87
\@tempa=\box88
\@tempa=\box89
\@tempa=\box90
\c@minrows=\count266
\c@columnbadness=\count267
\c@finalcolumnbadness=\count268
\last@try=\dimen149
\multicolovershoot=\dimen150
\multicolundershoot=\dimen151
\mult@nat@firstbox=\box91
\colbreak@box=\box92
\mc@col@check@num=\count269
)
(c:/texlive/2020/texmf-dist/tex/latex/graphics/graphicx.sty
Package: graphicx 2020/09/09 v1.2b Enhanced LaTeX Graphics (DPC,SPQR)

(c:/texlive/2020/texmf-dist/tex/latex/graphics/graphics.sty
Package: graphics 2020/08/30 v1.4c Standard LaTeX Graphics (DPC,SPQR)

(c:/texlive/2020/texmf-dist/tex/latex/graphics/trig.sty
Package: trig 2016/01/03 v1.10 sin cos tan (DPC)
)
(c:/texlive/2020/texmf-dist/tex/latex/graphics-cfg/graphics.cfg
File: graphics.cfg 2016/06/04 v1.11 sample graphics configuration
)
Package graphics Info: Driver file: pdftex.def on input line 105.

(c:/texlive/2020/texmf-dist/tex/latex/graphics-def/pdftex.def
File: pdftex.def 2020/10/05 v1.2a Graphics/color driver for pdftex
))
\Gin@req@height=\dimen152
\Gin@req@width=\dimen153
)
(c:/texlive/2020/texmf-dist/tex/latex/xcolor/xcolor.sty
Package: xcolor 2016/05/11 v2.12 LaTeX color extensions (UK)

(c:/texlive/2020/texmf-dist/tex/latex/graphics-cfg/color.cfg
File: color.cfg 2016/01/02 v1.6 sample color configuration
)
Package xcolor Info: Driver file: pdftex.def on input line 225.
Package xcolor Info: Model `cmy' substituted by `cmy0' on input line 1348.
Package xcolor Info: Model `hsb' substituted by `rgb' on input line 1352.
Package xcolor Info: Model `RGB' extended on input line 1364.
Package xcolor Info: Model `HTML' substituted by `rgb' on input line 1366.
Package xcolor Info: Model `Hsb' substituted by `hsb' on input line 1367.
Package xcolor Info: Model `tHsb' substituted by `hsb' on input line 1368.
Package xcolor Info: Model `HSB' substituted by `hsb' on input line 1369.
Package xcolor Info: Model `Gray' substituted by `gray' on input line 1370.
Package xcolor Info: Model `wave' substituted by `hsb' on input line 1371.
)
(c:/texlive/2020/texmf-dist/tex/latex/pgf/frontendlayer/tikz.sty
(c:/texlive/2020/texmf-dist/tex/latex/pgf/basiclayer/pgf.sty
(c:/texlive/2020/texmf-dist/tex/latex/pgf/utilities/pgfrcs.sty
(c:/texlive/2020/texmf-dist/tex/generic/pgf/utilities/pgfutil-common.tex
\pgfutil@everybye=\toks16
\pgfutil@tempdima=\dimen154
\pgfutil@tempdimb=\dimen155

(c:/texlive/2020/texmf-dist/tex/generic/pgf/utilities/pgfutil-common-lists.tex)
) (c:/texlive/2020/texmf-dist/tex/generic/pgf/utilities/pgfutil-latex.def
\pgfutil@abb=\box93
)
(c:/texlive/2020/texmf-dist/tex/generic/pgf/utilities/pgfrcs.code.tex
(c:/texlive/2020/texmf-dist/tex/generic/pgf/pgf.revision.tex)
Package: pgfrcs 2020/10/01 v3.1.6a (3.1.6a)
))
Package: pgf 2020/10/01 v3.1.6a (3.1.6a)

(c:/texlive/2020/texmf-dist/tex/latex/pgf/basiclayer/pgfcore.sty
(c:/texlive/2020/texmf-dist/tex/latex/pgf/systemlayer/pgfsys.sty
(c:/texlive/2020/texmf-dist/tex/generic/pgf/systemlayer/pgfsys.code.tex
Package: pgfsys 2020/10/01 v3.1.6a (3.1.6a)

(c:/texlive/2020/texmf-dist/tex/generic/pgf/utilities/pgfkeys.code.tex
\pgfkeys@pathtoks=\toks17
\pgfkeys@temptoks=\toks18

(c:/texlive/2020/texmf-dist/tex/generic/pgf/utilities/pgfkeysfiltered.code.tex
\pgfkeys@tmptoks=\toks19
))
\pgf@x=\dimen156
\pgf@y=\dimen157
\pgf@xa=\dimen158
\pgf@ya=\dimen159
\pgf@xb=\dimen160
\pgf@yb=\dimen161
\pgf@xc=\dimen162
\pgf@yc=\dimen163
\pgf@xd=\dimen164
\pgf@yd=\dimen165
\w@pgf@writea=\write3
\r@pgf@reada=\read2
\c@pgf@counta=\count270
\c@pgf@countb=\count271
\c@pgf@countc=\count272
\c@pgf@countd=\count273
\t@pgf@toka=\toks20
\t@pgf@tokb=\toks21
\t@pgf@tokc=\toks22
\pgf@sys@id@count=\count274
 (c:/texlive/2020/texmf-dist/tex/generic/pgf/systemlayer/pgf.cfg
File: pgf.cfg 2020/10/01 v3.1.6a (3.1.6a)
)
Driver file for pgf: pgfsys-pdftex.def

(c:/texlive/2020/texmf-dist/tex/generic/pgf/systemlayer/pgfsys-pdftex.def
File: pgfsys-pdftex.def 2020/10/01 v3.1.6a (3.1.6a)

(c:/texlive/2020/texmf-dist/tex/generic/pgf/systemlayer/pgfsys-common-pdf.def
File: pgfsys-common-pdf.def 2020/10/01 v3.1.6a (3.1.6a)
)))
(c:/texlive/2020/texmf-dist/tex/generic/pgf/systemlayer/pgfsyssoftpath.code.tex
File: pgfsyssoftpath.code.tex 2020/10/01 v3.1.6a (3.1.6a)
\pgfsyssoftpath@smallbuffer@items=\count275
\pgfsyssoftpath@bigbuffer@items=\count276
)
(c:/texlive/2020/texmf-dist/tex/generic/pgf/systemlayer/pgfsysprotocol.code.tex
File: pgfsysprotocol.code.tex 2020/10/01 v3.1.6a (3.1.6a)
)) (c:/texlive/2020/texmf-dist/tex/generic/pgf/basiclayer/pgfcore.code.tex
Package: pgfcore 2020/10/01 v3.1.6a (3.1.6a)

(c:/texlive/2020/texmf-dist/tex/generic/pgf/math/pgfmath.code.tex
(c:/texlive/2020/texmf-dist/tex/generic/pgf/math/pgfmathcalc.code.tex
(c:/texlive/2020/texmf-dist/tex/generic/pgf/math/pgfmathutil.code.tex)
(c:/texlive/2020/texmf-dist/tex/generic/pgf/math/pgfmathparser.code.tex
\pgfmath@dimen=\dimen166
\pgfmath@count=\count277
\pgfmath@box=\box94
\pgfmath@toks=\toks23
\pgfmath@stack@operand=\toks24
\pgfmath@stack@operation=\toks25
)
(c:/texlive/2020/texmf-dist/tex/generic/pgf/math/pgfmathfunctions.code.tex
(c:/texlive/2020/texmf-dist/tex/generic/pgf/math/pgfmathfunctions.basic.code.te
x)
(c:/texlive/2020/texmf-dist/tex/generic/pgf/math/pgfmathfunctions.trigonometric
.code.tex)
(c:/texlive/2020/texmf-dist/tex/generic/pgf/math/pgfmathfunctions.random.code.t
ex)
(c:/texlive/2020/texmf-dist/tex/generic/pgf/math/pgfmathfunctions.comparison.co
de.tex)
(c:/texlive/2020/texmf-dist/tex/generic/pgf/math/pgfmathfunctions.base.code.tex
)
(c:/texlive/2020/texmf-dist/tex/generic/pgf/math/pgfmathfunctions.round.code.te
x)
(c:/texlive/2020/texmf-dist/tex/generic/pgf/math/pgfmathfunctions.misc.code.tex
)
(c:/texlive/2020/texmf-dist/tex/generic/pgf/math/pgfmathfunctions.integerarithm
etics.code.tex)))
(c:/texlive/2020/texmf-dist/tex/generic/pgf/math/pgfmathfloat.code.tex
\c@pgfmathroundto@lastzeros=\count278
))
(c:/texlive/2020/texmf-dist/tex/generic/pgf/math/pgfint.code.tex)
(c:/texlive/2020/texmf-dist/tex/generic/pgf/basiclayer/pgfcorepoints.code.tex
File: pgfcorepoints.code.tex 2020/10/01 v3.1.6a (3.1.6a)
\pgf@picminx=\dimen167
\pgf@picmaxx=\dimen168
\pgf@picminy=\dimen169
\pgf@picmaxy=\dimen170
\pgf@pathminx=\dimen171
\pgf@pathmaxx=\dimen172
\pgf@pathminy=\dimen173
\pgf@pathmaxy=\dimen174
\pgf@xx=\dimen175
\pgf@xy=\dimen176
\pgf@yx=\dimen177
\pgf@yy=\dimen178
\pgf@zx=\dimen179
\pgf@zy=\dimen180
)
(c:/texlive/2020/texmf-dist/tex/generic/pgf/basiclayer/pgfcorepathconstruct.cod
e.tex
File: pgfcorepathconstruct.code.tex 2020/10/01 v3.1.6a (3.1.6a)
\pgf@path@lastx=\dimen181
\pgf@path@lasty=\dimen182
)
(c:/texlive/2020/texmf-dist/tex/generic/pgf/basiclayer/pgfcorepathusage.code.te
x
File: pgfcorepathusage.code.tex 2020/10/01 v3.1.6a (3.1.6a)
\pgf@shorten@end@additional=\dimen183
\pgf@shorten@start@additional=\dimen184
)
(c:/texlive/2020/texmf-dist/tex/generic/pgf/basiclayer/pgfcorescopes.code.tex
File: pgfcorescopes.code.tex 2020/10/01 v3.1.6a (3.1.6a)
\pgfpic=\box95
\pgf@hbox=\box96
\pgf@layerbox@main=\box97
\pgf@picture@serial@count=\count279
)
(c:/texlive/2020/texmf-dist/tex/generic/pgf/basiclayer/pgfcoregraphicstate.code
.tex
File: pgfcoregraphicstate.code.tex 2020/10/01 v3.1.6a (3.1.6a)
\pgflinewidth=\dimen185
)
(c:/texlive/2020/texmf-dist/tex/generic/pgf/basiclayer/pgfcoretransformations.c
ode.tex
File: pgfcoretransformations.code.tex 2020/10/01 v3.1.6a (3.1.6a)
\pgf@pt@x=\dimen186
\pgf@pt@y=\dimen187
\pgf@pt@temp=\dimen188
)
(c:/texlive/2020/texmf-dist/tex/generic/pgf/basiclayer/pgfcorequick.code.tex
File: pgfcorequick.code.tex 2020/10/01 v3.1.6a (3.1.6a)
)
(c:/texlive/2020/texmf-dist/tex/generic/pgf/basiclayer/pgfcoreobjects.code.tex
File: pgfcoreobjects.code.tex 2020/10/01 v3.1.6a (3.1.6a)
)
(c:/texlive/2020/texmf-dist/tex/generic/pgf/basiclayer/pgfcorepathprocessing.co
de.tex
File: pgfcorepathprocessing.code.tex 2020/10/01 v3.1.6a (3.1.6a)
)
(c:/texlive/2020/texmf-dist/tex/generic/pgf/basiclayer/pgfcorearrows.code.tex
File: pgfcorearrows.code.tex 2020/10/01 v3.1.6a (3.1.6a)
\pgfarrowsep=\dimen189
)
(c:/texlive/2020/texmf-dist/tex/generic/pgf/basiclayer/pgfcoreshade.code.tex
File: pgfcoreshade.code.tex 2020/10/01 v3.1.6a (3.1.6a)
\pgf@max=\dimen190
\pgf@sys@shading@range@num=\count280
\pgf@shadingcount=\count281
)
(c:/texlive/2020/texmf-dist/tex/generic/pgf/basiclayer/pgfcoreimage.code.tex
File: pgfcoreimage.code.tex 2020/10/01 v3.1.6a (3.1.6a)

(c:/texlive/2020/texmf-dist/tex/generic/pgf/basiclayer/pgfcoreexternal.code.tex
File: pgfcoreexternal.code.tex 2020/10/01 v3.1.6a (3.1.6a)
\pgfexternal@startupbox=\box98
))
(c:/texlive/2020/texmf-dist/tex/generic/pgf/basiclayer/pgfcorelayers.code.tex
File: pgfcorelayers.code.tex 2020/10/01 v3.1.6a (3.1.6a)
)
(c:/texlive/2020/texmf-dist/tex/generic/pgf/basiclayer/pgfcoretransparency.code
.tex
File: pgfcoretransparency.code.tex 2020/10/01 v3.1.6a (3.1.6a)
)
(c:/texlive/2020/texmf-dist/tex/generic/pgf/basiclayer/pgfcorepatterns.code.tex
File: pgfcorepatterns.code.tex 2020/10/01 v3.1.6a (3.1.6a)
) (c:/texlive/2020/texmf-dist/tex/generic/pgf/basiclayer/pgfcorerdf.code.tex
File: pgfcorerdf.code.tex 2020/10/01 v3.1.6a (3.1.6a)
))) (c:/texlive/2020/texmf-dist/tex/generic/pgf/modules/pgfmoduleshapes.code.te
x
File: pgfmoduleshapes.code.tex 2020/10/01 v3.1.6a (3.1.6a)
\pgfnodeparttextbox=\box99
)
(c:/texlive/2020/texmf-dist/tex/generic/pgf/modules/pgfmoduleplot.code.tex
File: pgfmoduleplot.code.tex 2020/10/01 v3.1.6a (3.1.6a)
)
(c:/texlive/2020/texmf-dist/tex/latex/pgf/compatibility/pgfcomp-version-0-65.st
y
Package: pgfcomp-version-0-65 2020/10/01 v3.1.6a (3.1.6a)
\pgf@nodesepstart=\dimen191
\pgf@nodesepend=\dimen192
)
(c:/texlive/2020/texmf-dist/tex/latex/pgf/compatibility/pgfcomp-version-1-18.st
y
Package: pgfcomp-version-1-18 2020/10/01 v3.1.6a (3.1.6a)
)) (c:/texlive/2020/texmf-dist/tex/latex/pgf/utilities/pgffor.sty
(c:/texlive/2020/texmf-dist/tex/latex/pgf/utilities/pgfkeys.sty
(c:/texlive/2020/texmf-dist/tex/generic/pgf/utilities/pgfkeys.code.tex))
(c:/texlive/2020/texmf-dist/tex/latex/pgf/math/pgfmath.sty
(c:/texlive/2020/texmf-dist/tex/generic/pgf/math/pgfmath.code.tex))
(c:/texlive/2020/texmf-dist/tex/generic/pgf/utilities/pgffor.code.tex
Package: pgffor 2020/10/01 v3.1.6a (3.1.6a)

(c:/texlive/2020/texmf-dist/tex/generic/pgf/math/pgfmath.code.tex)
\pgffor@iter=\dimen193
\pgffor@skip=\dimen194
\pgffor@stack=\toks26
\pgffor@toks=\toks27
))
(c:/texlive/2020/texmf-dist/tex/generic/pgf/frontendlayer/tikz/tikz.code.tex
Package: tikz 2020/10/01 v3.1.6a (3.1.6a)

(c:/texlive/2020/texmf-dist/tex/generic/pgf/libraries/pgflibraryplothandlers.co
de.tex
File: pgflibraryplothandlers.code.tex 2020/10/01 v3.1.6a (3.1.6a)
\pgf@plot@mark@count=\count282
\pgfplotmarksize=\dimen195
)
\tikz@lastx=\dimen196
\tikz@lasty=\dimen197
\tikz@lastxsaved=\dimen198
\tikz@lastysaved=\dimen199
\tikz@lastmovetox=\dimen256
\tikz@lastmovetoy=\dimen257
\tikzleveldistance=\dimen258
\tikzsiblingdistance=\dimen259
\tikz@figbox=\box100
\tikz@figbox@bg=\box101
\tikz@tempbox=\box102
\tikz@tempbox@bg=\box103
\tikztreelevel=\count283
\tikznumberofchildren=\count284
\tikznumberofcurrentchild=\count285
\tikz@fig@count=\count286

(c:/texlive/2020/texmf-dist/tex/generic/pgf/modules/pgfmodulematrix.code.tex
File: pgfmodulematrix.code.tex 2020/10/01 v3.1.6a (3.1.6a)
\pgfmatrixcurrentrow=\count287
\pgfmatrixcurrentcolumn=\count288
\pgf@matrix@numberofcolumns=\count289
)
\tikz@expandcount=\count290

(c:/texlive/2020/texmf-dist/tex/generic/pgf/frontendlayer/tikz/libraries/tikzli
brarytopaths.code.tex
File: tikzlibrarytopaths.code.tex 2020/10/01 v3.1.6a (3.1.6a)
)))
(c:/texlive/2020/texmf-dist/tex/generic/pgf/frontendlayer/tikz/libraries/tikzli
braryarrows.code.tex
File: tikzlibraryarrows.code.tex 2020/10/01 v3.1.6a (3.1.6a)

(c:/texlive/2020/texmf-dist/tex/generic/pgf/libraries/pgflibraryarrows.code.tex
File: pgflibraryarrows.code.tex 2020/10/01 v3.1.6a (3.1.6a)
\arrowsize=\dimen260
))
(c:/texlive/2020/texmf-dist/tex/generic/pgf/frontendlayer/tikz/libraries/tikzli
brarydecorations.pathmorphing.code.tex
(c:/texlive/2020/texmf-dist/tex/generic/pgf/frontendlayer/tikz/libraries/tikzli
brarydecorations.code.tex
(c:/texlive/2020/texmf-dist/tex/generic/pgf/modules/pgfmoduledecorations.code.t
ex
\pgfdecoratedcompleteddistance=\dimen261
\pgfdecoratedremainingdistance=\dimen262
\pgfdecoratedinputsegmentcompleteddistance=\dimen263
\pgfdecoratedinputsegmentremainingdistance=\dimen264
\pgf@decorate@distancetomove=\dimen265
\pgf@decorate@repeatstate=\count291
\pgfdecorationsegmentamplitude=\dimen266
\pgfdecorationsegmentlength=\dimen267
)
\tikz@lib@dec@box=\box104
)
(c:/texlive/2020/texmf-dist/tex/generic/pgf/libraries/decorations/pgflibrarydec
orations.pathmorphing.code.tex))
(c:/texlive/2020/texmf-dist/tex/generic/pgf/frontendlayer/tikz/libraries/tikzli
brarybackgrounds.code.tex
File: tikzlibrarybackgrounds.code.tex 2020/10/01 v3.1.6a (3.1.6a)
\pgf@layerbox@background=\box105
\pgf@layerboxsaved@background=\box106
)
(c:/texlive/2020/texmf-dist/tex/generic/pgf/frontendlayer/tikz/libraries/tikzli
braryfit.code.tex
File: tikzlibraryfit.code.tex 2020/10/01 v3.1.6a (3.1.6a)
)
(c:/texlive/2020/texmf-dist/tex/generic/pgf/frontendlayer/tikz/libraries/tikzli
brarypositioning.code.tex
File: tikzlibrarypositioning.code.tex 2020/10/01 v3.1.6a (3.1.6a)
)
(c:/texlive/2020/texmf-dist/tex/latex/tools/tabularx.sty
Package: tabularx 2020/01/15 v2.11c `tabularx' package (DPC)

(c:/texlive/2020/texmf-dist/tex/latex/tools/array.sty
Package: array 2020/10/01 v2.5c Tabular extension package (FMi)
\col@sep=\dimen268
\ar@mcellbox=\box107
\extrarowheight=\dimen269
\NC@list=\toks28
\extratabsurround=\skip55
\backup@length=\skip56
\ar@cellbox=\box108
)
\TX@col@width=\dimen270
\TX@old@table=\dimen271
\TX@old@col=\dimen272
\TX@target=\dimen273
\TX@delta=\dimen274
\TX@cols=\count292
\TX@ftn=\toks29
)
(c:/texlive/2020/texmf-dist/tex/latex/fancyhdr/fancyhdr.sty
Package: fancyhdr 2019/01/31 v3.10 Extensive control of page headers and footer
s
\f@nch@headwidth=\skip57
\f@nch@O@elh=\skip58
\f@nch@O@erh=\skip59
\f@nch@O@olh=\skip60
\f@nch@O@orh=\skip61
\f@nch@O@elf=\skip62
\f@nch@O@erf=\skip63
\f@nch@O@olf=\skip64
\f@nch@O@orf=\skip65
))
(c:/texlive/2020/texmf-dist/tex/generic/babel/babel.sty
Package: babel 2020/10/06 3.50 The Babel package

(c:/texlive/2020/texmf-dist/tex/generic/babel/babel.def
File: babel.def 2020/10/06 3.50 Babel common definitions
\babel@savecnt=\count293
\U@D=\dimen275
\l@babelnohyphens=\language86

(c:/texlive/2020/texmf-dist/tex/generic/babel/txtbabel.def)
\bbl@readstream=\read3
)
\bbl@dirlevel=\count294

(c:/texlive/2020/texmf-dist/tex/generic/babel-dutch/dutch.ldf
Language: dutch 2005/03/30 v3.8i Dutch support from the babel system
Package babel Info: Making " an active character on input line 132.
))
(c:/texlive/2020/texmf-dist/tex/latex/base/flafter.sty
Package: flafter 2018/11/28 v1.4d Standard LaTeX floats after reference (FMi)
Applying: [2015/01/01] float order in 2-column on input line 49.
Already applied: [0000/00/00] float order in 2-column on input line 151.
)
(c:/texlive/2020/texmf-dist/tex/latex/amsmath/amsmath.sty
Package: amsmath 2020/09/23 v2.17i AMS math features
\@mathmargin=\skip66

For additional information on amsmath, use the `?' option.
(c:/texlive/2020/texmf-dist/tex/latex/amsmath/amstext.sty
Package: amstext 2000/06/29 v2.01 AMS text

(c:/texlive/2020/texmf-dist/tex/latex/amsmath/amsgen.sty
File: amsgen.sty 1999/11/30 v2.0 generic functions
\@emptytoks=\toks30
\ex@=\dimen276
))
(c:/texlive/2020/texmf-dist/tex/latex/amsmath/amsbsy.sty
Package: amsbsy 1999/11/29 v1.2d Bold Symbols
\pmbraise@=\dimen277
)
(c:/texlive/2020/texmf-dist/tex/latex/amsmath/amsopn.sty
Package: amsopn 2016/03/08 v2.02 operator names
)
\inf@bad=\count295
LaTeX Info: Redefining \frac on input line 234.
\uproot@=\count296
\leftroot@=\count297
LaTeX Info: Redefining \overline on input line 399.
\classnum@=\count298
\DOTSCASE@=\count299
LaTeX Info: Redefining \ldots on input line 496.
LaTeX Info: Redefining \dots on input line 499.
LaTeX Info: Redefining \cdots on input line 620.
\Mathstrutbox@=\box109
\strutbox@=\box110
\big@size=\dimen278
LaTeX Font Info:    Redeclaring font encoding OML on input line 743.
LaTeX Font Info:    Redeclaring font encoding OMS on input line 744.
\macc@depth=\count300
\c@MaxMatrixCols=\count301
\dotsspace@=\muskip17
\c@parentequation=\count302
\dspbrk@lvl=\count303
\tag@help=\toks31
\row@=\count304
\column@=\count305
\maxfields@=\count306
\andhelp@=\toks32
\eqnshift@=\dimen279
\alignsep@=\dimen280
\tagshift@=\dimen281
\tagwidth@=\dimen282
\totwidth@=\dimen283
\lineht@=\dimen284
\@envbody=\toks33
\multlinegap=\skip67
\multlinetaggap=\skip68
\mathdisplay@stack=\toks34
LaTeX Info: Redefining \[ on input line 2923.
LaTeX Info: Redefining \] on input line 2924.
)
(c:/texlive/2020/texmf-dist/tex/latex/amsfonts/amssymb.sty
Package: amssymb 2013/01/14 v3.01 AMS font symbols

(c:/texlive/2020/texmf-dist/tex/latex/amsfonts/amsfonts.sty
Package: amsfonts 2013/01/14 v3.01 Basic AMSFonts support
\symAMSa=\mathgroup4
\symAMSb=\mathgroup5
LaTeX Font Info:    Redeclaring math symbol \hbar on input line 98.
LaTeX Font Info:    Overwriting math alphabet `\mathfrak' in version `bold'
(Font)                  U/euf/m/n --> U/euf/b/n on input line 106.
))
(c:/texlive/2020/texmf-dist/tex/latex/amscls/amsthm.sty
Package: amsthm 2020/05/29 v2.20.6
\thm@style=\toks35
\thm@bodyfont=\toks36
\thm@headfont=\toks37
\thm@notefont=\toks38
\thm@headpunct=\toks39
\thm@preskip=\skip69
\thm@postskip=\skip70
\thm@headsep=\skip71
\dth@everypar=\toks40
)
(c:/texlive/2020/texmf-dist/tex/latex/siunitx/siunitx.sty
(c:/texlive/2020/texmf-dist/tex/latex/l3kernel/expl3.sty
Package: expl3 2020-10-05 L3 programming layer (loader) 

(c:/texlive/2020/texmf-dist/tex/latex/l3backend/l3backend-pdftex.def
File: l3backend-pdftex.def 2020-09-24 L3 backend support: PDF output (pdfTeX)
\l__kernel_color_stack_int=\count307
\l__pdf_internal_box=\box111
))
(c:/texlive/2020/texmf-dist/tex/latex/l3packages/xparse/xparse.sty
Package: xparse 2020-10-05 L3 Experimental document command parser

(c:/texlive/2020/texmf-dist/tex/latex/l3packages/xparse/xparse-generic.tex))
Package: siunitx 2020/02/25 v2.8b A comprehensive (SI) units package

(c:/texlive/2020/texmf-dist/tex/latex/l3packages/l3keys2e/l3keys2e.sty
Package: l3keys2e 2020-10-05 LaTeX2e option processing using LaTeX3 keys
)
\l__siunitx_tmp_box=\box112
\l__siunitx_tmp_dim=\dimen285
\l__siunitx_tmp_int=\count308
\l__siunitx_number_mantissa_length_int=\count309
\l__siunitx_number_uncert_length_int=\count310
\l__siunitx_round_int=\count311
\l__siunitx_process_decimal_int=\count312
\l__siunitx_process_uncertainty_int=\count313
\l__siunitx_process_fixed_int=\count314
\l__siunitx_process_integer_min_int=\count315
\l__siunitx_process_precision_int=\count316
\l__siunitx_group_min_int=\count317
\l__siunitx_angle_marker_box=\box113
\l__siunitx_angle_unit_box=\box114
\l__siunitx_angle_marker_dim=\dimen286
\l__siunitx_angle_unit_dim=\dimen287
\l__siunitx_unit_int=\count318
\l__siunitx_unit_denominator_int=\count319
\l__siunitx_unit_numerator_int=\count320
\l__siunitx_unit_prefix_int=\count321
\l__siunitx_unit_prefix_base_int=\count322
\l__siunitx_unit_prefix_gram_int=\count323
\l__siunitx_number_product_int=\count324
\c__siunitx_one_fill_skip=\skip72
\l__siunitx_table_unit_align_skip=\skip73
\l__siunitx_table_exponent_dim=\dimen288
\l__siunitx_table_integer_dim=\dimen289
\l__siunitx_table_mantissa_dim=\dimen290
\l__siunitx_table_marker_dim=\dimen291
\l__siunitx_table_result_dim=\dimen292
\l__siunitx_table_uncert_dim=\dimen293
\l__siunitx_table_fill_pre_dim=\dimen294
\l__siunitx_table_fill_post_dim=\dimen295
\l__siunitx_table_fill_mid_dim=\dimen296
\l__siunitx_table_pre_box=\box115
\l__siunitx_table_post_box=\box116
\l__siunitx_table_mantissa_box=\box117
\l__siunitx_table_result_box=\box118
\l__siunitx_table_number_align_skip=\skip74
\l__siunitx_table_text_align_skip=\skip75

(c:/texlive/2020/texmf-dist/tex/latex/translator/translator.sty
Package: translator 2020-08-03 v1.12c Easy translation of strings in LaTeX
))
(c:/texlive/2020/texmf-dist/tex/latex/pdfpages/pdfpages.sty
Package: pdfpages 2020/01/28 v0.5q Insert pages of external PDF documents (AM)

(c:/texlive/2020/texmf-dist/tex/latex/base/ifthen.sty
Package: ifthen 2014/09/29 v1.1c Standard LaTeX ifthen package (DPC)
)
(c:/texlive/2020/texmf-dist/tex/latex/tools/calc.sty
Package: calc 2017/05/25 v4.3 Infix arithmetic (KKT,FJ)
\calc@Acount=\count325
\calc@Bcount=\count326
\calc@Adimen=\dimen297
\calc@Bdimen=\dimen298
\calc@Askip=\skip76
\calc@Bskip=\skip77
LaTeX Info: Redefining \setlength on input line 80.
LaTeX Info: Redefining \addtolength on input line 81.
\calc@Ccount=\count327
\calc@Cskip=\skip78
)
(c:/texlive/2020/texmf-dist/tex/latex/eso-pic/eso-pic.sty
Package: eso-pic 2020/09/27 v2.0i eso-pic (RN)
\ESO@tempdima=\dimen299
\ESO@tempdimb=\dimen300
)
\AM@pagewidth=\dimen301
\AM@pageheight=\dimen302

(c:/texlive/2020/texmf-dist/tex/latex/pdfpages/pppdftex.def
File: pppdftex.def 2020/01/28 v0.5q Pdfpages driver for pdfTeX (AM)
)
\AM@pagebox=\box119
\AM@global@opts=\toks41
\AM@pagecnt=\count328
\AM@toc@title=\toks42
\c@AM@survey=\count329
\AM@templatesizebox=\box120
)
(c:/texlive/2020/texmf-dist/tex/latex/subfiles/subfiles.sty
Package: subfiles 2020/09/07 v2.0 Multi-file projects (package)

(c:/texlive/2020/texmf-dist/tex/latex/import/import.sty
Package: import 2020/04/01  v 6.2
))
(c:/texlive/2020/texmf-dist/tex/latex/wrapfig/wrapfig.sty
\wrapoverhang=\dimen303
\WF@size=\dimen304
\c@WF@wrappedlines=\count330
\WF@box=\box121
\WF@everypar=\toks43
Package: wrapfig 2003/01/31  v 3.6
)
(c:/texlive/2020/texmf-dist/tex/latex/float/float.sty
Package: float 2001/11/08 v1.3d Float enhancements (AL)
\c@float@type=\count331
\float@exts=\toks44
\float@box=\box122
\@float@everytoks=\toks45
\@floatcapt=\box123
)
(c:/texlive/2020/texmf-dist/tex/latex/tools/longtable.sty
Package: longtable 2020/01/07 v4.13 Multi-page Table package (DPC)
\LTleft=\skip79
\LTright=\skip80
\LTpre=\skip81
\LTpost=\skip82
\LTchunksize=\count332
\LTcapwidth=\dimen305
\LT@head=\box124
\LT@firsthead=\box125
\LT@foot=\box126
\LT@lastfoot=\box127
\LT@cols=\count333
\LT@rows=\count334
\c@LT@tables=\count335
\c@LT@chunks=\count336
\LT@p@ftn=\toks46
)
(c:/texlive/2020/texmf-dist/tex/latex/booktabs/booktabs.sty
Package: booktabs 2020/01/12 v1.61803398 Publication quality tables
\heavyrulewidth=\dimen306
\lightrulewidth=\dimen307
\cmidrulewidth=\dimen308
\belowrulesep=\dimen309
\belowbottomsep=\dimen310
\aboverulesep=\dimen311
\abovetopsep=\dimen312
\cmidrulesep=\dimen313
\cmidrulekern=\dimen314
\defaultaddspace=\dimen315
\@cmidla=\count337
\@cmidlb=\count338
\@aboverulesep=\dimen316
\@belowrulesep=\dimen317
\@thisruleclass=\count339
\@lastruleclass=\count340
\@thisrulewidth=\dimen318
)
(c:/texlive/2020/texmf-dist/tex/latex/enumitem/enumitem.sty
Package: enumitem 2019/06/20 v3.9 Customized lists
\labelindent=\skip83
\enit@outerparindent=\dimen319
\enit@toks=\toks47
\enit@inbox=\box128
\enit@count@id=\count341
\enitdp@description=\count342
)
(c:/texlive/2020/texmf-dist/tex/latex/etoolbox/etoolbox.sty
Package: etoolbox 2020/10/05 v2.5k e-TeX tools for LaTeX (JAW)
\etb@tempcnta=\count343
)
(c:/texlive/2020/texmf-dist/tex/generic/xstring/xstring.sty
(c:/texlive/2020/texmf-dist/tex/generic/xstring/xstring.tex
\integerpart=\count344
\decimalpart=\count345
)
Package: xstring 2019/02/06 v1.83 String manipulations (CT)
)
(c:/texlive/2020/texmf-dist/tex/latex/colortbl/colortbl.sty
Package: colortbl 2020/01/04 v1.0e Color table columns (DPC)
\everycr=\toks48
\minrowclearance=\skip84
)
\c@counter=\count346
\c@subcounter=\count347
\c@subsubcounter=\count348

(./Eindverslag(DerdeVersie).aux)
\openout1 = `Eindverslag(DerdeVersie).aux'.

LaTeX Font Info:    Checking defaults for OML/cmm/m/it on input line 79.
LaTeX Font Info:    ... okay on input line 79.
LaTeX Font Info:    Checking defaults for OMS/cmsy/m/n on input line 79.
LaTeX Font Info:    ... okay on input line 79.
LaTeX Font Info:    Checking defaults for OT1/cmr/m/n on input line 79.
LaTeX Font Info:    ... okay on input line 79.
LaTeX Font Info:    Checking defaults for T1/cmr/m/n on input line 79.
LaTeX Font Info:    ... okay on input line 79.
LaTeX Font Info:    Checking defaults for TS1/cmr/m/n on input line 79.
LaTeX Font Info:    ... okay on input line 79.
LaTeX Font Info:    Checking defaults for OMX/cmex/m/n on input line 79.
LaTeX Font Info:    ... okay on input line 79.
LaTeX Font Info:    Checking defaults for U/cmr/m/n on input line 79.
LaTeX Font Info:    ... okay on input line 79.
LaTeX Font Info:    Checking defaults for PD1/pdf/m/n on input line 79.
LaTeX Font Info:    ... okay on input line 79.
Package hyperref Info: Link coloring OFF on input line 79.

(c:/texlive/2020/texmf-dist/tex/latex/hyperref/nameref.sty
Package: nameref 2019/09/16 v2.46 Cross-referencing by name of section

(c:/texlive/2020/texmf-dist/tex/latex/refcount/refcount.sty
Package: refcount 2019/12/15 v3.6 Data extraction from label references (HO)
)
(c:/texlive/2020/texmf-dist/tex/generic/gettitlestring/gettitlestring.sty
Package: gettitlestring 2019/12/15 v1.6 Cleanup title references (HO)
)
\c@section@level=\count349
)
LaTeX Info: Redefining \ref on input line 79.
LaTeX Info: Redefining \pageref on input line 79.
LaTeX Info: Redefining \nameref on input line 79.

(./Eindverslag(DerdeVersie).out) (./Eindverslag(DerdeVersie).out)
\@outlinefile=\write4
\openout4 = `Eindverslag(DerdeVersie).out'.


(c:/texlive/2020/texmf-dist/tex/context/base/mkii/supp-pdf.mkii
[Loading MPS to PDF converter (version 2006.09.02).]
\scratchcounter=\count350
\scratchdimen=\dimen320
\scratchbox=\box129
\nofMPsegments=\count351
\nofMParguments=\count352
\everyMPshowfont=\toks49
\MPscratchCnt=\count353
\MPscratchDim=\dimen321
\MPnumerator=\count354
\makeMPintoPDFobject=\count355
\everyMPtoPDFconversion=\toks50
) (c:/texlive/2020/texmf-dist/tex/latex/epstopdf-pkg/epstopdf-base.sty
Package: epstopdf-base 2020-01-24 v2.11 Base part for package epstopdf
Package epstopdf-base Info: Redefining graphics rule for `.eps' on input line 4
85.

(c:/texlive/2020/texmf-dist/tex/latex/latexconfig/epstopdf-sys.cfg
File: epstopdf-sys.cfg 2010/07/13 v1.3 Configuration of (r)epstopdf for TeX Liv
e
))
(c:/texlive/2020/texmf-dist/tex/latex/siunitx/siunitx-abbreviations.cfg
File: siunitx-abbreviations.cfg 2017/11/26 v2.7k siunitx: Abbreviated units
)
(c:/texlive/2020/texmf-dist/tex/latex/translator/translator-basic-dictionary-En
glish.dict
Dictionary: translator-basic-dictionary, Language: English 
) (c:/texlive/2020/texmf-dist/tex/latex/pdflscape/pdflscape.sty
Package: pdflscape 2019/12/05 v0.12 Display of landscape pages in PDF (HO)

(c:/texlive/2020/texmf-dist/tex/latex/graphics/lscape.sty
Package: lscape 2020/05/28 v3.02 Landscape Pages (DPC)
)
Package pdflscape Info: Auto-detected driver: pdftex on input line 81.
)
LaTeX Font Info:    Trying to load font information for U+msa on input line 79.


(c:/texlive/2020/texmf-dist/tex/latex/amsfonts/umsa.fd
File: umsa.fd 2013/01/14 v3.01 AMS symbols A
)
LaTeX Font Info:    Trying to load font information for U+msb on input line 79.


(c:/texlive/2020/texmf-dist/tex/latex/amsfonts/umsb.fd
File: umsb.fd 2013/01/14 v3.01 AMS symbols B
)
<kulakLogo.pdf, id=119, 245.83241pt x 51.21533pt>
File: kulakLogo.pdf Graphic file (type pdf)
<use kulakLogo.pdf>
Package pdftex.def Info: kulakLogo.pdf  used on input line 80.
(pdftex.def)             Requested size: 245.8318pt x 51.21504pt.
 [1

{c:/texlive/2020/texmf-var/fonts/map/pdftex/updmap/pdftex.map} <c:/texlive/texm
f-local/tex/latex/kulak/kulakLogo.pdf>] (./Eindverslag(DerdeVersie).toc)
\tf@toc=\write5
\openout5 = `Eindverslag(DerdeVersie).toc'.

 [2


] [3]
Underfull \hbox (badness 10000) in paragraph at lines 103--104

 []


Underfull \hbox (badness 10000) in paragraph at lines 105--106

 []


Underfull \hbox (badness 10000) in paragraph at lines 107--108

 []

[4] [5]
Overfull \hbox (55.12283pt too wide) in paragraph at lines 144--159
[] 
 []

[6] [7] [8]
<KS®wagen1.3.jpg, id=202, 803.0pt x 326.21875pt>
File: KS®wagen1.3.jpg Graphic file (type jpg)
<use KS®wagen1.3.jpg>
Package pdftex.def Info: KS®wagen1.3.jpg  used on input line 203.
(pdftex.def)             Requested size: 413.99895pt x 168.1912pt.

Overfull \hbox (68.99895pt too wide) in paragraph at lines 203--204
 [][] 
 []

<KS®skelet.4.jpg, id=203, 803.0pt x 326.21875pt>
File: KS®skelet.4.jpg Graphic file (type jpg)
<use KS®skelet.4.jpg>
Package pdftex.def Info: KS®skelet.4.jpg  used on input line 210.
(pdftex.def)             Requested size: 413.99895pt x 168.1912pt.

Overfull \hbox (68.99895pt too wide) in paragraph at lines 210--211
 [][] 
 []

[9pdfTeX warning (ext4): destination with the same identifier (name{figure.0.1}
) has been already used, duplicate ignored
<argument> ...shipout:D \box_use:N \l_shipout_box 
                                                  
l.214 \newpage
              pdfTeX warning (ext4): destination with the same identifier (name
{figure.0.2}) has been already used, duplicate ignored
<argument> ...shipout:D \box_use:N \l_shipout_box 
                                                  
l.214 \newpage
               <./KS®wagen1.3.jpg> <./KS®skelet.4.jpg>]
Overfull \hbox (1.63953pt too wide) in paragraph at lines 227--230
\OT1/cmr/m/n/10 Het lijn-volg-al-go-ritme werkt vol-gens een een-vou-dig prin-c
ipe dat voor-ge-steld wordt
 []

[10]
<pref2.jpg, id=222, 477.28313pt x 219.06844pt>
File: pref2.jpg Graphic file (type jpg)
<use pref2.jpg>
Package pdftex.def Info: pref2.jpg  used on input line 233.
(pdftex.def)             Requested size: 289.79874pt x 133.01314pt.
 [11] [12pdfTeX warning (ext4): destination with the same identifier (name{figu
re.0.3}) has been already used, duplicate ignored
<argument> ...shipout:D \box_use:N \l_shipout_box 
                                                  
l.285 
       <./pref2.jpg>] [13] [14]
<bovenaanzichtkruispunt.png, id=243, 912.40875pt x 877.2775pt>
File: bovenaanzichtkruispunt.png Graphic file (type png)
<use bovenaanzichtkruispunt.png>
Package pdftex.def Info: bovenaanzichtkruispunt.png  used on input line 298.
(pdftex.def)             Requested size: 276.00105pt x 265.36722pt.
 [15pdfTeX warning (ext4): destination with the same identifier (name{figure.0.
4}) has been already used, duplicate ignored
<argument> ...shipout:D \box_use:N \l_shipout_box 
                                                  
l.304 \newpage
               <./bovenaanzichtkruispunt.png>]
<verkeerslicht.png, id=253, 352.31625pt x 509.905pt>
File: verkeerslicht.png Graphic file (type png)
<use verkeerslicht.png>
Package pdftex.def Info: verkeerslicht.png  used on input line 307.
(pdftex.def)             Requested size: 276.00105pt x 399.45157pt.
 [16pdfTeX warning (ext4): destination with the same identifier (name{figure.0.
5}) has been already used, duplicate ignored
<argument> ...shipout:D \box_use:N \l_shipout_box 
                                                  
l.314 	\newpage
                <./verkeerslicht.png>]
Overfull \hbox (96.44144pt too wide) in paragraph at lines 329--398
 [][] 
 []


LaTeX Warning: Float too large for page by 36.14836pt on input line 400.

[17] [18]
<Team4_planning.pdf, id=269, 597.50829pt x 845.0471pt>
File: Team4_planning.pdf Graphic file (type pdf)
<use Team4_planning.pdf>
Package pdftex.def Info: Team4_planning.pdf  used on input line 406.
(pdftex.def)             Requested size: 597.50682pt x 845.04504pt.
File: Team4_planning.pdf Graphic file (type pdf)
<use Team4_planning.pdf>
Package pdftex.def Info: Team4_planning.pdf  used on input line 406.
(pdftex.def)             Requested size: 597.50682pt x 845.04504pt.
<Team4_planning.pdf, id=272, page=7, 845.0471pt x 597.50829pt>
File: Team4_planning.pdf Graphic file (type pdf)
<use Team4_planning.pdf, page 7>
Package pdftex.def Info: Team4_planning.pdf , page7 used on input line 406.
(pdftex.def)             Requested size: 845.04504pt x 597.50682pt.
File: Team4_planning.pdf Graphic file (type pdf)
<use Team4_planning.pdf, page 7>
Package pdftex.def Info: Team4_planning.pdf , page7 used on input line 406.
(pdftex.def)             Requested size: 597.53772pt x 422.50157pt.
 [19]
File: Team4_planning.pdf Graphic file (type pdf)
<use Team4_planning.pdf, page 7>
Package pdftex.def Info: Team4_planning.pdf , page7 used on input line 406.
(pdftex.def)             Requested size: 597.53772pt x 422.50157pt.
File: Team4_planning.pdf Graphic file (type pdf)
<use Team4_planning.pdf, page 7>
Package pdftex.def Info: Team4_planning.pdf , page7 used on input line 406.
(pdftex.def)             Requested size: 597.53772pt x 422.50157pt.
File: Team4_planning.pdf Graphic file (type pdf)
<use Team4_planning.pdf, page 7>
Package pdftex.def Info: Team4_planning.pdf , page7 used on input line 406.
(pdftex.def)             Requested size: 597.53772pt x 422.50157pt.
 [20 <./Team4_planning.pdf>]
File: Team4_planning.pdf Graphic file (type pdf)
<use Team4_planning.pdf>
Package pdftex.def Info: Team4_planning.pdf  used on input line 407.
(pdftex.def)             Requested size: 597.50682pt x 845.04504pt.
File: Team4_planning.pdf Graphic file (type pdf)
<use Team4_planning.pdf>
Package pdftex.def Info: Team4_planning.pdf  used on input line 407.
(pdftex.def)             Requested size: 597.50682pt x 845.04504pt.
<Team4_planning.pdf, id=290, page=8, 845.0471pt x 597.50829pt>
File: Team4_planning.pdf Graphic file (type pdf)
<use Team4_planning.pdf, page 8>
Package pdftex.def Info: Team4_planning.pdf , page8 used on input line 407.
(pdftex.def)             Requested size: 845.04504pt x 597.50682pt.
File: Team4_planning.pdf Graphic file (type pdf)
<use Team4_planning.pdf, page 8>
Package pdftex.def Info: Team4_planning.pdf , page8 used on input line 407.
(pdftex.def)             Requested size: 597.53772pt x 422.50157pt.
File: Team4_planning.pdf Graphic file (type pdf)
<use Team4_planning.pdf, page 8>
Package pdftex.def Info: Team4_planning.pdf , page8 used on input line 407.
(pdftex.def)             Requested size: 597.53772pt x 422.50157pt.
File: Team4_planning.pdf Graphic file (type pdf)
<use Team4_planning.pdf, page 8>
Package pdftex.def Info: Team4_planning.pdf , page8 used on input line 407.
(pdftex.def)             Requested size: 597.53772pt x 422.50157pt.
File: Team4_planning.pdf Graphic file (type pdf)
<use Team4_planning.pdf, page 8>
Package pdftex.def Info: Team4_planning.pdf , page8 used on input line 407.
(pdftex.def)             Requested size: 597.53772pt x 422.50157pt.
 [21 <./Team4_planning.pdf>]
File: Team4_planning.pdf Graphic file (type pdf)
<use Team4_planning.pdf>
Package pdftex.def Info: Team4_planning.pdf  used on input line 408.
(pdftex.def)             Requested size: 597.50682pt x 845.04504pt.
File: Team4_planning.pdf Graphic file (type pdf)
<use Team4_planning.pdf>
Package pdftex.def Info: Team4_planning.pdf  used on input line 408.
(pdftex.def)             Requested size: 597.50682pt x 845.04504pt.
<Team4_planning.pdf, id=322, page=9, 845.0471pt x 597.50829pt>
File: Team4_planning.pdf Graphic file (type pdf)
<use Team4_planning.pdf, page 9>
Package pdftex.def Info: Team4_planning.pdf , page9 used on input line 408.
(pdftex.def)             Requested size: 845.04504pt x 597.50682pt.
File: Team4_planning.pdf Graphic file (type pdf)
<use Team4_planning.pdf, page 9>
Package pdftex.def Info: Team4_planning.pdf , page9 used on input line 408.
(pdftex.def)             Requested size: 597.53772pt x 422.50157pt.
File: Team4_planning.pdf Graphic file (type pdf)
<use Team4_planning.pdf, page 9>
Package pdftex.def Info: Team4_planning.pdf , page9 used on input line 408.
(pdftex.def)             Requested size: 597.53772pt x 422.50157pt.
File: Team4_planning.pdf Graphic file (type pdf)
<use Team4_planning.pdf, page 9>
Package pdftex.def Info: Team4_planning.pdf , page9 used on input line 408.
(pdftex.def)             Requested size: 597.53772pt x 422.50157pt.
File: Team4_planning.pdf Graphic file (type pdf)
<use Team4_planning.pdf, page 9>
Package pdftex.def Info: Team4_planning.pdf , page9 used on input line 408.
(pdftex.def)             Requested size: 597.53772pt x 422.50157pt.
 [22 <./Team4_planning.pdf>]
File: Team4_planning.pdf Graphic file (type pdf)
<use Team4_planning.pdf>
Package pdftex.def Info: Team4_planning.pdf  used on input line 409.
(pdftex.def)             Requested size: 597.50682pt x 845.04504pt.
File: Team4_planning.pdf Graphic file (type pdf)
<use Team4_planning.pdf>
Package pdftex.def Info: Team4_planning.pdf  used on input line 409.
(pdftex.def)             Requested size: 597.50682pt x 845.04504pt.
<Team4_planning.pdf, id=329, page=10, 845.0471pt x 597.50829pt>
File: Team4_planning.pdf Graphic file (type pdf)
<use Team4_planning.pdf, page 10>
Package pdftex.def Info: Team4_planning.pdf , page10 used on input line 409.
(pdftex.def)             Requested size: 845.04504pt x 597.50682pt.
File: Team4_planning.pdf Graphic file (type pdf)
<use Team4_planning.pdf, page 10>
Package pdftex.def Info: Team4_planning.pdf , page10 used on input line 409.
(pdftex.def)             Requested size: 597.53772pt x 422.50157pt.
File: Team4_planning.pdf Graphic file (type pdf)
<use Team4_planning.pdf, page 10>
Package pdftex.def Info: Team4_planning.pdf , page10 used on input line 409.
(pdftex.def)             Requested size: 597.53772pt x 422.50157pt.
File: Team4_planning.pdf Graphic file (type pdf)
<use Team4_planning.pdf, page 10>
Package pdftex.def Info: Team4_planning.pdf , page10 used on input line 409.
(pdftex.def)             Requested size: 597.53772pt x 422.50157pt.
File: Team4_planning.pdf Graphic file (type pdf)
<use Team4_planning.pdf, page 10>
Package pdftex.def Info: Team4_planning.pdf , page10 used on input line 409.
(pdftex.def)             Requested size: 597.53772pt x 422.50157pt.
 [23 <./Team4_planning.pdf>]
File: Team4_planning.pdf Graphic file (type pdf)
<use Team4_planning.pdf>
Package pdftex.def Info: Team4_planning.pdf  used on input line 410.
(pdftex.def)             Requested size: 597.50682pt x 845.04504pt.
File: Team4_planning.pdf Graphic file (type pdf)
<use Team4_planning.pdf>
Package pdftex.def Info: Team4_planning.pdf  used on input line 410.
(pdftex.def)             Requested size: 597.50682pt x 845.04504pt.
<Team4_planning.pdf, id=336, page=11, 845.0471pt x 597.50829pt>
File: Team4_planning.pdf Graphic file (type pdf)
<use Team4_planning.pdf, page 11>
Package pdftex.def Info: Team4_planning.pdf , page11 used on input line 410.
(pdftex.def)             Requested size: 845.04504pt x 597.50682pt.
File: Team4_planning.pdf Graphic file (type pdf)
<use Team4_planning.pdf, page 11>
Package pdftex.def Info: Team4_planning.pdf , page11 used on input line 410.
(pdftex.def)             Requested size: 597.53772pt x 422.50157pt.
File: Team4_planning.pdf Graphic file (type pdf)
<use Team4_planning.pdf, page 11>
Package pdftex.def Info: Team4_planning.pdf , page11 used on input line 410.
(pdftex.def)             Requested size: 597.53772pt x 422.50157pt.
File: Team4_planning.pdf Graphic file (type pdf)
<use Team4_planning.pdf, page 11>
Package pdftex.def Info: Team4_planning.pdf , page11 used on input line 410.
(pdftex.def)             Requested size: 597.53772pt x 422.50157pt.
File: Team4_planning.pdf Graphic file (type pdf)
<use Team4_planning.pdf, page 11>
Package pdftex.def Info: Team4_planning.pdf , page11 used on input line 410.
(pdftex.def)             Requested size: 597.53772pt x 422.50157pt.
 [24 <./Team4_planning.pdf>]
File: Team4_planning.pdf Graphic file (type pdf)
<use Team4_planning.pdf>
Package pdftex.def Info: Team4_planning.pdf  used on input line 411.
(pdftex.def)             Requested size: 597.50682pt x 845.04504pt.
File: Team4_planning.pdf Graphic file (type pdf)
<use Team4_planning.pdf>
Package pdftex.def Info: Team4_planning.pdf  used on input line 411.
(pdftex.def)             Requested size: 597.50682pt x 845.04504pt.
<Team4_planning.pdf, id=343, page=12, 845.0471pt x 597.50829pt>
File: Team4_planning.pdf Graphic file (type pdf)
<use Team4_planning.pdf, page 12>
Package pdftex.def Info: Team4_planning.pdf , page12 used on input line 411.
(pdftex.def)             Requested size: 845.04504pt x 597.50682pt.
File: Team4_planning.pdf Graphic file (type pdf)
<use Team4_planning.pdf, page 12>
Package pdftex.def Info: Team4_planning.pdf , page12 used on input line 411.
(pdftex.def)             Requested size: 597.53772pt x 422.50157pt.
File: Team4_planning.pdf Graphic file (type pdf)
<use Team4_planning.pdf, page 12>
Package pdftex.def Info: Team4_planning.pdf , page12 used on input line 411.
(pdftex.def)             Requested size: 597.53772pt x 422.50157pt.
File: Team4_planning.pdf Graphic file (type pdf)
<use Team4_planning.pdf, page 12>
Package pdftex.def Info: Team4_planning.pdf , page12 used on input line 411.
(pdftex.def)             Requested size: 597.53772pt x 422.50157pt.
File: Team4_planning.pdf Graphic file (type pdf)
<use Team4_planning.pdf, page 12>
Package pdftex.def Info: Team4_planning.pdf , page12 used on input line 411.
(pdftex.def)             Requested size: 597.53772pt x 422.50157pt.

[25 <./Team4_planning.pdf>]
File: Team4_planning.pdf Graphic file (type pdf)
<use Team4_planning.pdf>
Package pdftex.def Info: Team4_planning.pdf  used on input line 412.
(pdftex.def)             Requested size: 597.50682pt x 845.04504pt.
File: Team4_planning.pdf Graphic file (type pdf)
<use Team4_planning.pdf>
Package pdftex.def Info: Team4_planning.pdf  used on input line 412.
(pdftex.def)             Requested size: 597.50682pt x 845.04504pt.
<Team4_planning.pdf, id=351, page=13, 845.0471pt x 597.50829pt>
File: Team4_planning.pdf Graphic file (type pdf)
<use Team4_planning.pdf, page 13>
Package pdftex.def Info: Team4_planning.pdf , page13 used on input line 412.
(pdftex.def)             Requested size: 845.04504pt x 597.50682pt.
File: Team4_planning.pdf Graphic file (type pdf)
<use Team4_planning.pdf, page 13>
Package pdftex.def Info: Team4_planning.pdf , page13 used on input line 412.
(pdftex.def)             Requested size: 597.53772pt x 422.50157pt.
File: Team4_planning.pdf Graphic file (type pdf)
<use Team4_planning.pdf, page 13>
Package pdftex.def Info: Team4_planning.pdf , page13 used on input line 412.
(pdftex.def)             Requested size: 597.53772pt x 422.50157pt.
File: Team4_planning.pdf Graphic file (type pdf)
<use Team4_planning.pdf, page 13>
Package pdftex.def Info: Team4_planning.pdf , page13 used on input line 412.
(pdftex.def)             Requested size: 597.53772pt x 422.50157pt.
File: Team4_planning.pdf Graphic file (type pdf)
<use Team4_planning.pdf, page 13>
Package pdftex.def Info: Team4_planning.pdf , page13 used on input line 412.
(pdftex.def)             Requested size: 597.53772pt x 422.50157pt.
 [26 <./Team4_planning.pdf>]
<fchart.png, id=356, 772.0845pt x 545.03625pt>
File: fchart.png Graphic file (type png)
<use fchart.png>
Package pdftex.def Info: fchart.png  used on input line 430.
(pdftex.def)             Requested size: 448.50105pt x 316.61192pt.

Overfull \hbox (103.50105pt too wide) in paragraph at lines 430--432
 [][] 
 []

[27] [28pdfTeX warning (ext4): destination with the same identifier (name{figur
e.0.6}) has been already used, duplicate ignored
<argument> ...shipout:D \box_use:N \l_shipout_box 
                                                  
l.437 \newpage
               <./fchart.png>]
Overfull \hbox (5.36719pt too wide) in paragraph at lines 445--460
[][]
 []


LaTeX Warning: `h' float specifier changed to `ht'.

<pie.jpg, id=367, 362.007pt x 217.467pt>
File: pie.jpg Graphic file (type jpg)
<use pie.jpg>
Package pdftex.def Info: pie.jpg  used on input line 523.
(pdftex.def)             Requested size: 413.99895pt x 248.70135pt.

Overfull \hbox (68.99895pt too wide) in paragraph at lines 523--524
 [][] 
 []


LaTeX Warning: `h' float specifier changed to `ht'.

(./Eindverslag(DerdeVersie).bbl [29pdfTeX warning (ext4): destination with the 
same identifier (name{table.0.1}) has been already used, duplicate ignored
<argument> ...shipout:D \box_use:N \l_shipout_box 
                                                  
l.1 \begin{thebibliography}{1}
                              pdfTeX warning (ext4): destination with the same 
identifier (name{table.0.2}) has been already used, duplicate ignored
<argument> ...shipout:D \box_use:N \l_shipout_box 
                                                  
l.1 \begin{thebibliography}{1}
                              pdfTeX warning (ext4): destination with the same 
identifier (name{table.0.3}) has been already used, duplicate ignored
<argument> ...shipout:D \box_use:N \l_shipout_box 
                                                  
l.1 \begin{thebibliography}{1}
                              ] [30pdfTeX warning (ext4): destination with the 
same identifier (name{table.0.4}) has been already used, duplicate ignored
<argument> ...shipout:D \box_use:N \l_shipout_box 
                                                  
l.1 \begin{thebibliography}{1}
                              pdfTeX warning (ext4): destination with the same 
identifier (name{figure.0.7}) has been already used, duplicate ignored
<argument> ...shipout:D \box_use:N \l_shipout_box 
                                                  
l.1 \begin{thebibliography}{1}
                               <./pie.jpg>]) [31

]
<kuleuvenSedes.pdf, id=392, 349.305pt x 596.2275pt>
File: kuleuvenSedes.pdf Graphic file (type pdf)
<use kuleuvenSedes.pdf>
Package pdftex.def Info: kuleuvenSedes.pdf  used on input line 542.
(pdftex.def)             Requested size: 25.00282pt x 42.67912pt.
 [32



 <c:/texlive/texmf-local/tex/latex/kulak/kuleuvenSedes.pdf>] (./Eindverslag(Der
deVersie).aux)
Package rerunfilecheck Info: File `Eindverslag(DerdeVersie).out' has not change
d.
(rerunfilecheck)             Checksum: 70BFCECF41BA06E7937934C43D20326F;1842.
 ) 
Here is how much of TeX's memory you used:
 23733 strings out of 479916
 470778 string characters out of 5886648
 772707 words of memory out of 5000000
 39728 multiletter control sequences out of 15000+600000
 545609 words of font info for 70 fonts, out of 8000000 for 9000
 1141 hyphenation exceptions out of 8191
 89i,17n,99p,1372b,1143s stack positions out of 5000i,500n,10000p,200000b,80000s
<c:/texlive/2020/texmf-dist/fonts/type1/public/amsfonts/cm/cmbx10.pfb><c:/tex
live/2020/texmf-dist/fonts/type1/public/amsfonts/cm/cmbx12.pfb><c:/texlive/2020
/texmf-dist/fonts/type1/public/amsfonts/cm/cmcsc10.pfb><c:/texlive/2020/texmf-d
ist/fonts/type1/public/amsfonts/cm/cmmi10.pfb><c:/texlive/2020/texmf-dist/fonts
/type1/public/amsfonts/cm/cmr10.pfb><c:/texlive/2020/texmf-dist/fonts/type1/pub
lic/amsfonts/cm/cmr12.pfb><c:/texlive/2020/texmf-dist/fonts/type1/public/amsfon
ts/cm/cmr7.pfb><c:/texlive/2020/texmf-dist/fonts/type1/public/amsfonts/cm/cmr8.
pfb><c:/texlive/2020/texmf-dist/fonts/type1/public/amsfonts/cm/cmsl12.pfb><c:/t
exlive/2020/texmf-dist/fonts/type1/public/amsfonts/cm/cmsy8.pfb><c:/texlive/202
0/texmf-dist/fonts/type1/public/amsfonts/cm/cmti10.pfb><c:/texlive/2020/texmf-d
ist/fonts/type1/public/amsfonts/cm/cmti12.pfb><c:/texlive/2020/texmf-dist/fonts
/type1/public/amsfonts/cm/cmtt10.pfb>
Output written on Eindverslag(DerdeVersie).pdf (32 pages, 755347 bytes).
PDF statistics:
 456 PDF objects out of 1000 (max. 8388607)
 368 compressed objects within 4 object streams
 81 named destinations out of 1000 (max. 500000)
 392 words of extra memory for PDF output out of 10000 (max. 10000000)

