\BOOKMARK [0][-]{chapter.1}{Methodologie}{}% 1
\BOOKMARK [1][-]{section.1.1}{Planning}{chapter.1}% 2
\BOOKMARK [1][-]{section.1.2}{Ontwerp}{chapter.1}% 3
\BOOKMARK [2][-]{subsection.1.2.1}{Onderdelen}{section.1.2}% 4
\BOOKMARK [2][-]{subsection.1.2.2}{Assemblage}{section.1.2}% 5
\BOOKMARK [1][-]{section.1.3}{Implementatie}{chapter.1}% 6
\BOOKMARK [2][-]{subsection.1.3.1}{Implementatie software}{section.1.3}% 7
\BOOKMARK [2][-]{subsection.1.3.2}{Algoritmen}{section.1.3}% 8
\BOOKMARK [2][-]{subsection.1.3.3}{Lijnvolgalgoritme}{section.1.3}% 9
\BOOKMARK [2][-]{subsection.1.3.4}{Licht herkennen}{section.1.3}% 10
\BOOKMARK [2][-]{subsection.1.3.5}{Andere wagen herkennen en versnellen/vertragen}{section.1.3}% 11
\BOOKMARK [2][-]{subsection.1.3.6}{Draaien op kruispunt}{section.1.3}% 12
\BOOKMARK [2][-]{subsection.1.3.7}{Manual override}{section.1.3}% 13
\BOOKMARK [2][-]{subsection.1.3.8}{Implementatie traject}{section.1.3}% 14
\BOOKMARK [2][-]{subsection.1.3.9}{Concrete implementatie}{section.1.3}% 15
\BOOKMARK [0][-]{chapter.2}{Resultaten}{}% 16
\BOOKMARK [1][-]{section.2.1}{Budget}{chapter.2}% 17
\BOOKMARK [0][-]{chapter.3}{Discussie}{}% 18
\BOOKMARK [0][-]{chapter.4}{Bijlagen}{}% 19
\BOOKMARK [1][-]{section.4.1}{Planning}{chapter.4}% 20
\BOOKMARK [1][-]{section.4.2}{Overzicht ontwerpspecificaties}{chapter.4}% 21
\BOOKMARK [1][-]{section.4.3}{Samenvatting klantenvereisten}{chapter.4}% 22
\BOOKMARK [1][-]{section.4.4}{Teamverantwoordelijkheden}{chapter.4}% 23
\BOOKMARK [1][-]{section.4.5}{Takenstructuur}{chapter.4}% 24
\BOOKMARK [1][-]{section.4.6}{Gantt-grafiek \046 Teamkalender}{chapter.4}% 25
\BOOKMARK [1][-]{section.4.7}{Visualisatie ontwerp}{chapter.4}% 26
\BOOKMARK [1][-]{section.4.8}{Elektrisch circuit}{chapter.4}% 27
\BOOKMARK [1][-]{section.4.9}{Flowcharts}{chapter.4}% 28
\BOOKMARK [1][-]{section.4.10}{Financieel Rapport}{chapter.4}% 29
